Mon Oct 17 2022 21:12:01 GMT-0500 (Central Daylight Time): All routines successfully reset to incomplete.
Tue Oct 18 2022 00:00:01 GMT-0500 (Central Daylight Time): All routines successfully reset to incomplete.
Backed up database file to /home/krzwier/backup-family-command-center/backup-family-command-center.db3
Wed Oct 19 2022 00:00:01 GMT-0500 (Central Daylight Time): All routines successfully reset to incomplete.
Backed up database file to /home/krzwier/backup-family-command-center/backup-family-command-center.db3
Thu Oct 20 2022 00:00:01 GMT-0500 (Central Daylight Time): All routines successfully reset to incomplete.
Backed up database file to /home/krzwier/backup-family-command-center/backup-family-command-center.db3
Fri Oct 21 2022 00:00:01 GMT-0500 (Central Daylight Time): All routines successfully reset to incomplete.
Backed up database file to /home/krzwier/backup-family-command-center/backup-family-command-center.db3
Sat Oct 22 2022 00:00:01 GMT-0500 (Central Daylight Time): All routines successfully reset to incomplete.
Backed up database file to /home/krzwier/backup-family-command-center/backup-family-command-center.db3
Sun Oct 23 2022 00:00:01 GMT-0500 (Central Daylight Time): All routines successfully reset to incomplete.
Backed up database file to /home/krzwier/backup-family-command-center/backup-family-command-center.db3
Mon Oct 24 2022 00:00:01 GMT-0500 (Central Daylight Time): All routines successfully reset to incomplete.
Backed up database file to /home/krzwier/backup-family-command-center/backup-family-command-center.db3
Tue Oct 25 2022 00:00:01 GMT-0500 (Central Daylight Time): All routines successfully reset to incomplete.
Backed up database file to /home/krzwier/backup-family-command-center/backup-family-command-center.db3
Wed Oct 26 2022 00:00:01 GMT-0500 (Central Daylight Time): All routines successfully reset to incomplete.
Backed up database file to /home/krzwier/backup-family-command-center/backup-family-command-center.db3
Thu Oct 27 2022 00:00:01 GMT-0500 (Central Daylight Time): All routines successfully reset to incomplete.
Backed up database file to /home/krzwier/backup-family-command-center/backup-family-command-center.db3
Fri Oct 28 2022 00:00:01 GMT-0500 (Central Daylight Time): All routines successfully reset to incomplete.
Backed up database file to /home/krzwier/backup-family-command-center/backup-family-command-center.db3
Sat Oct 29 2022 00:00:01 GMT-0500 (Central Daylight Time): All routines successfully reset to incomplete.
Backed up database file to /home/krzwier/backup-family-command-center/backup-family-command-center.db3
